<?xml version="1.0" encoding="UTF-8"?>
<!-- Generated by org.testng.reporters.JUnitReportReporter -->
<testsuite skipped="0" hostname="DESKTOP-HKGVMGB" name="com.jch.rac.tests.CreateNewAccountTest" tests="1" failures="0" timestamp="2020-03-24T12:49:11 IST" time="65.453" errors="0">
  <testcase name="testFunction" time="65.453" classname="com.jch.rac.tests.CreateNewAccountTest"/>
  <system-out/>
</testsuite> <!-- com.jch.rac.tests.CreateNewAccountTest -->
