<?xml version="1.0" encoding="UTF-8"?>
<!-- Generated by org.testng.reporters.JUnitReportReporter -->
<testsuite skipped="0" hostname="DESKTOP-HKGVMGB" name="com.jch.rac.tests.LanguageSelectionTest" tests="1" failures="0" timestamp="2020-11-20T11:40:03 IST" time="21.396" errors="0">
  <testcase name="selectLanguage" time="21.396" classname="com.jch.rac.tests.LanguageSelectionTest"/>
  <system-out/>
</testsuite> <!-- com.jch.rac.tests.LanguageSelectionTest -->
