<?xml version="1.0" encoding="UTF-8"?>
<!-- Generated by org.testng.reporters.JUnitReportReporter -->
<testsuite skipped="0" hostname="DESKTOP-HKGVMGB" name="com.jch.rac.tests.PrivacyTest" tests="1" failures="0" timestamp="2020-04-05T17:04:41 IST" time="69.401" errors="0">
  <testcase name="acceptingPrivacy" time="69.401" classname="com.jch.rac.tests.PrivacyTest"/>
  <system-out/>
</testsuite> <!-- com.jch.rac.tests.PrivacyTest -->
