<?xml version="1.0" encoding="UTF-8"?>
<!-- Generated by org.testng.reporters.JUnitReportReporter -->
<testsuite skipped="0" hostname="DESKTOP-HKGVMGB" name="com.jch.rac.tests.AcceptPrivacyTest" tests="1" failures="0" timestamp="2020-03-23T15:04:40 IST" time="31.975" errors="0">
  <testcase name="acceptingPrivacy" time="31.975" classname="com.jch.rac.tests.AcceptPrivacyTest"/>
  <system-out/>
</testsuite> <!-- com.jch.rac.tests.AcceptPrivacyTest -->
