<?xml version="1.0" encoding="UTF-8"?>
<!-- Generated by org.testng.reporters.JUnitReportReporter -->
<testsuite skipped="0" hostname="DESKTOP-HKGVMGB" name="com.jch.rac.tests.PrivacyPolicyTest" tests="1" failures="0" timestamp="2020-11-20T11:40:03 IST" time="21.179" errors="0">
  <testcase name="acceptingPrivacy" time="21.179" classname="com.jch.rac.tests.PrivacyPolicyTest"/>
  <system-out/>
</testsuite> <!-- com.jch.rac.tests.PrivacyPolicyTest -->
