<?xml version="1.0" encoding="UTF-8"?>
<!-- Generated by org.testng.reporters.JUnitReportReporter -->
<testsuite skipped="0" hostname="DESKTOP-HKGVMGB" name="com.jch.rac.tests.IDUControllerTest" tests="1" failures="0" timestamp="2020-04-05T14:00:36 IST" time="90.616" errors="0">
  <testcase name="setTimer" time="90.616" classname="com.jch.rac.tests.IDUControllerTest"/>
  <system-out/>
</testsuite> <!-- com.jch.rac.tests.IDUControllerTest -->
