<?xml version="1.0" encoding="UTF-8"?>
<!-- Generated by org.testng.reporters.JUnitReportReporter -->
<testsuite skipped="0" hostname="DESKTOP-HKGVMGB" name="com.jch.rac.configuration.BaseSetUp" tests="1" failures="0" timestamp="2020-03-23T12:34:25 IST" time="47.397" errors="0">
  <testcase name="androidPhoneConfiguration" time="47.397" classname="com.jch.rac.configuration.BaseSetUp"/>
  <system-out/>
</testsuite> <!-- com.jch.rac.configuration.BaseSetUp -->
