<?xml version="1.0" encoding="UTF-8"?>
<!-- Generated by org.testng.reporters.JUnitReportReporter -->
<testsuite skipped="0" hostname="DESKTOP-HKGVMGB" name="com.jch.rac.tests.IntroductionScreenTest" tests="1" failures="0" timestamp="2020-11-20T11:40:03 IST" time="20.760" errors="0">
  <testcase name="navigatingThroughIntroductionScreen" time="20.760" classname="com.jch.rac.tests.IntroductionScreenTest"/>
  <system-out/>
</testsuite> <!-- com.jch.rac.tests.IntroductionScreenTest -->
