<?xml version="1.0" encoding="UTF-8"?>
<!-- Generated by org.testng.reporters.JUnitReportReporter -->
<testsuite skipped="0" hostname="DESKTOP-HKGVMGB" name="com.jch.rac.tests.HomeTest" tests="1" failures="0" timestamp="2020-04-05T17:37:42 IST" time="85.485" errors="0">
  <testcase name="tapOnActiveRAC" time="85.485" classname="com.jch.rac.tests.HomeTest"/>
  <system-out/>
</testsuite> <!-- com.jch.rac.tests.HomeTest -->
